0 info it worked if it ends with ok
1 verbose cli [ '/usr/local/Cellar/node/5.1.0/bin/node',
1 verbose cli   '/usr/local/bin/npm',
1 verbose cli   'install',
1 verbose cli   'sync-prompt' ]
2 info using npm@3.10.6
3 info using node@v5.1.0
4 silly loadCurrentTree Starting
5 silly install loadCurrentTree
6 silly install readLocalPackageData
7 silly fetchPackageMetaData sync-prompt
8 silly fetchNamedPackageData sync-prompt
9 silly mapToRegistry name sync-prompt
10 silly mapToRegistry using default registry
11 silly mapToRegistry registry https://registry.npmjs.org/
12 silly mapToRegistry data Result {
12 silly mapToRegistry   raw: 'sync-prompt',
12 silly mapToRegistry   scope: null,
12 silly mapToRegistry   escapedName: 'sync-prompt',
12 silly mapToRegistry   name: 'sync-prompt',
12 silly mapToRegistry   rawSpec: '',
12 silly mapToRegistry   spec: 'latest',
12 silly mapToRegistry   type: 'tag' }
13 silly mapToRegistry uri https://registry.npmjs.org/sync-prompt
14 verbose request uri https://registry.npmjs.org/sync-prompt
15 verbose request no auth needed
16 info attempt registry request try #1 at 4:53:43 PM
17 verbose request id 3301fca147abc036
18 verbose etag "3HZPSHVEDT3IDAFS165GJKE66"
19 http request GET https://registry.npmjs.org/sync-prompt
20 http 304 https://registry.npmjs.org/sync-prompt
21 verbose headers { date: 'Mon, 05 Sep 2016 21:53:43 GMT',
21 verbose headers   via: '1.1 varnish',
21 verbose headers   'cache-control': 'max-age=300',
21 verbose headers   etag: '"3HZPSHVEDT3IDAFS165GJKE66"',
21 verbose headers   age: '234',
21 verbose headers   connection: 'keep-alive',
21 verbose headers   'x-served-by': 'cache-dfw1826-DFW',
21 verbose headers   'x-cache': 'HIT',
21 verbose headers   'x-cache-hits': '1',
21 verbose headers   'x-timer': 'S1473112423.954941,VS0,VE0',
21 verbose headers   vary: 'Accept-Encoding' }
22 silly get cb [ 304,
22 silly get   { date: 'Mon, 05 Sep 2016 21:53:43 GMT',
22 silly get     via: '1.1 varnish',
22 silly get     'cache-control': 'max-age=300',
22 silly get     etag: '"3HZPSHVEDT3IDAFS165GJKE66"',
22 silly get     age: '234',
22 silly get     connection: 'keep-alive',
22 silly get     'x-served-by': 'cache-dfw1826-DFW',
22 silly get     'x-cache': 'HIT',
22 silly get     'x-cache-hits': '1',
22 silly get     'x-timer': 'S1473112423.954941,VS0,VE0',
22 silly get     vary: 'Accept-Encoding' } ]
23 verbose etag https://registry.npmjs.org/sync-prompt from cache
24 verbose get saving sync-prompt to /Users/areyes/.npm/registry.npmjs.org/sync-prompt/.cache.json
25 verbose correctMkdir /Users/areyes/.npm correctMkdir not in flight; initializing
26 silly install normalizeTree
27 silly loadCurrentTree Finishing
28 silly loadIdealTree Starting
29 silly install loadIdealTree
30 silly cloneCurrentTree Starting
31 silly install cloneCurrentTreeToIdealTree
32 silly cloneCurrentTree Finishing
33 silly loadShrinkwrap Starting
34 silly install loadShrinkwrap
35 silly loadShrinkwrap Finishing
36 silly loadAllDepsIntoIdealTree Starting
37 silly install loadAllDepsIntoIdealTree
38 silly resolveWithNewModule sync-prompt@0.4.2 checking installable status
39 silly cache add args [ 'sync-prompt', null ]
40 verbose cache add spec sync-prompt
41 silly cache add parsed spec Result {
41 silly cache add   raw: 'sync-prompt',
41 silly cache add   scope: null,
41 silly cache add   escapedName: 'sync-prompt',
41 silly cache add   name: 'sync-prompt',
41 silly cache add   rawSpec: '',
41 silly cache add   spec: 'latest',
41 silly cache add   type: 'tag' }
42 silly addNamed sync-prompt@latest
43 verbose addNamed "latest" is being treated as a dist-tag for sync-prompt
44 info addNameTag [ 'sync-prompt', 'latest' ]
45 silly mapToRegistry name sync-prompt
46 silly mapToRegistry using default registry
47 silly mapToRegistry registry https://registry.npmjs.org/
48 silly mapToRegistry data Result {
48 silly mapToRegistry   raw: 'sync-prompt',
48 silly mapToRegistry   scope: null,
48 silly mapToRegistry   escapedName: 'sync-prompt',
48 silly mapToRegistry   name: 'sync-prompt',
48 silly mapToRegistry   rawSpec: '',
48 silly mapToRegistry   spec: 'latest',
48 silly mapToRegistry   type: 'tag' }
49 silly mapToRegistry uri https://registry.npmjs.org/sync-prompt
50 verbose addNameTag registry:https://registry.npmjs.org/sync-prompt not in flight; fetching
51 verbose get https://registry.npmjs.org/sync-prompt not expired, no request
52 silly addNameTag next cb for sync-prompt with tag latest
53 silly addNamed sync-prompt@0.4.2
54 verbose addNamed "0.4.2" is a plain semver version for sync-prompt
55 silly cache afterAdd sync-prompt@0.4.2
56 verbose afterAdd /Users/areyes/.npm/sync-prompt/0.4.2/package/package.json not in flight; writing
57 verbose correctMkdir /Users/areyes/.npm correctMkdir not in flight; initializing
58 verbose afterAdd /Users/areyes/.npm/sync-prompt/0.4.2/package/package.json written
59 silly loadAllDepsIntoIdealTree Finishing
60 silly loadIdealTree Finishing
61 silly currentTree basic_binary_tree
62 silly idealTree basic_binary_tree
62 silly idealTree └── sync-prompt@0.4.2
63 silly generateActionsToTake Starting
64 silly install generateActionsToTake
65 silly generateActionsToTake Finishing
66 silly diffTrees action count 1
67 silly diffTrees add sync-prompt@0.4.2
68 silly decomposeActions action count 8
69 silly decomposeActions fetch sync-prompt@0.4.2
70 silly decomposeActions extract sync-prompt@0.4.2
71 silly decomposeActions test sync-prompt@0.4.2
72 silly decomposeActions preinstall sync-prompt@0.4.2
73 silly decomposeActions build sync-prompt@0.4.2
74 silly decomposeActions install sync-prompt@0.4.2
75 silly decomposeActions postinstall sync-prompt@0.4.2
76 silly decomposeActions finalize sync-prompt@0.4.2
77 silly executeActions Starting
78 silly install executeActions
79 silly doSerial global-install 0
80 silly doParallel fetch 1
81 verbose correctMkdir /Users/areyes/.npm/_locks correctMkdir not in flight; initializing
82 verbose lock using /Users/areyes/.npm/_locks/staging-32a2c3c9967b02f9.lock for /Users/areyes/Projects/Learning/basic_binary_tree/node_modules/.staging
83 silly doParallel extract 1
84 silly extract sync-prompt@0.4.2
85 verbose unbuild node_modules/.staging/sync-prompt-766fa3a7
86 silly gentlyRm /Users/areyes/Projects/Learning/basic_binary_tree/node_modules/.staging/sync-prompt-766fa3a7 is being purged from base /Users/areyes/Projects/Learning/basic_binary_tree
87 verbose gentlyRm don't care about contents; nuking /Users/areyes/Projects/Learning/basic_binary_tree/node_modules/.staging/sync-prompt-766fa3a7
88 verbose tar unpack /Users/areyes/.npm/sync-prompt/0.4.2/package.tgz
89 verbose tar unpacking to /Users/areyes/Projects/Learning/basic_binary_tree/node_modules/.staging/sync-prompt-766fa3a7
90 silly gentlyRm /Users/areyes/Projects/Learning/basic_binary_tree/node_modules/.staging/sync-prompt-766fa3a7 is being purged
91 verbose gentlyRm don't care about contents; nuking /Users/areyes/Projects/Learning/basic_binary_tree/node_modules/.staging/sync-prompt-766fa3a7
92 silly gunzTarPerm modes [ '755', '644' ]
93 silly gunzTarPerm extractEntry package.json
94 silly gunzTarPerm extractEntry .npmignore
95 silly gunzTarPerm extractEntry README.md
96 silly gunzTarPerm extractEntry LICENSE
97 silly gunzTarPerm extractEntry test.js
98 silly gunzTarPerm extractEntry HISTORY.md
99 silly gunzTarPerm extractEntry binding.gyp
100 silly gunzTarPerm extractEntry lib/sync-prompt.js
101 silly gunzTarPerm extractEntry src/sync_prompt.cc
102 silly gentlyRm /Users/areyes/Projects/Learning/basic_binary_tree/node_modules/.staging/sync-prompt-766fa3a7/node_modules is being purged
103 verbose gentlyRm don't care about contents; nuking /Users/areyes/Projects/Learning/basic_binary_tree/node_modules/.staging/sync-prompt-766fa3a7/node_modules
104 silly doParallel preinstall 1
105 silly preinstall sync-prompt@0.4.2 /Users/areyes/Projects/Learning/basic_binary_tree/node_modules/.staging/sync-prompt-766fa3a7
106 info lifecycle sync-prompt@0.4.2~preinstall: sync-prompt@0.4.2
107 silly lifecycle sync-prompt@0.4.2~preinstall: no script for preinstall, continuing
108 silly doReverseSerial remove 0
109 silly doSerial move 0
110 silly doSerial finalize 1
111 silly finalize /Users/areyes/Projects/Learning/basic_binary_tree/node_modules/sync-prompt
112 silly doSerial build 1
113 silly build sync-prompt@0.4.2
114 info linkStuff sync-prompt@0.4.2
115 silly linkStuff sync-prompt@0.4.2 has /Users/areyes/Projects/Learning/basic_binary_tree/node_modules as its parent node_modules
116 verbose linkBins sync-prompt@0.4.2
117 verbose linkMans sync-prompt@0.4.2
118 silly doSerial global-link 0
119 silly doParallel update-linked 0
120 silly doSerial install 1
121 silly install sync-prompt@0.4.2 /Users/areyes/Projects/Learning/basic_binary_tree/node_modules/.staging/sync-prompt-766fa3a7
122 info lifecycle sync-prompt@0.4.2~install: sync-prompt@0.4.2
123 verbose lifecycle sync-prompt@0.4.2~install: unsafe-perm in lifecycle true
124 verbose lifecycle sync-prompt@0.4.2~install: PATH: /usr/local/lib/node_modules/npm/bin/node-gyp-bin:/Users/areyes/Projects/Learning/basic_binary_tree/node_modules/sync-prompt/node_modules/.bin:/Users/areyes/Projects/Learning/basic_binary_tree/node_modules/.bin:/usr/local/Cellar/node/5.1.0/bin:/Users/areyes/.rbenv/shims:/Users/areyes/.rbenv/bin:/usr/local/bin:/usr/bin:/bin:/usr/sbin:/sbin:/usr/local/sbin:/usr/local/opt/mysql56/bin:/usr/local/bin/elixir
125 verbose lifecycle sync-prompt@0.4.2~install: CWD: /Users/areyes/Projects/Learning/basic_binary_tree/node_modules/sync-prompt
126 silly lifecycle sync-prompt@0.4.2~install: Args: [ '-c', 'node-gyp rebuild' ]
127 silly lifecycle sync-prompt@0.4.2~install: Returned: code: 1  signal: null
128 info lifecycle sync-prompt@0.4.2~install: Failed to exec install script
129 verbose unlock done using /Users/areyes/.npm/_locks/staging-32a2c3c9967b02f9.lock for /Users/areyes/Projects/Learning/basic_binary_tree/node_modules/.staging
130 silly rollbackFailedOptional Starting
131 silly rollbackFailedOptional Finishing
132 silly runTopLevelLifecycles Starting
133 silly runTopLevelLifecycles Finishing
134 silly install printInstalled
135 warn enoent ENOENT: no such file or directory, open '/Users/areyes/Projects/Learning/basic_binary_tree/package.json'
136 warn basic_binary_tree No description
137 warn basic_binary_tree No repository field.
138 warn basic_binary_tree No README data
139 warn basic_binary_tree No license field.
140 verbose stack Error: sync-prompt@0.4.2 install: `node-gyp rebuild`
140 verbose stack Exit status 1
140 verbose stack     at EventEmitter.<anonymous> (/usr/local/lib/node_modules/npm/lib/utils/lifecycle.js:255:16)
140 verbose stack     at emitTwo (events.js:87:13)
140 verbose stack     at EventEmitter.emit (events.js:172:7)
140 verbose stack     at ChildProcess.<anonymous> (/usr/local/lib/node_modules/npm/lib/utils/spawn.js:40:14)
140 verbose stack     at emitTwo (events.js:87:13)
140 verbose stack     at ChildProcess.emit (events.js:172:7)
140 verbose stack     at maybeClose (internal/child_process.js:818:16)
140 verbose stack     at Process.ChildProcess._handle.onexit (internal/child_process.js:211:5)
141 verbose pkgid sync-prompt@0.4.2
142 verbose cwd /Users/areyes/Projects/Learning/basic_binary_tree
143 error Darwin 15.6.0
144 error argv "/usr/local/Cellar/node/5.1.0/bin/node" "/usr/local/bin/npm" "install" "sync-prompt"
145 error node v5.1.0
146 error npm  v3.10.6
147 error code ELIFECYCLE
148 error sync-prompt@0.4.2 install: `node-gyp rebuild`
148 error Exit status 1
149 error Failed at the sync-prompt@0.4.2 install script 'node-gyp rebuild'.
149 error Make sure you have the latest version of node.js and npm installed.
149 error If you do, this is most likely a problem with the sync-prompt package,
149 error not with npm itself.
149 error Tell the author that this fails on your system:
149 error     node-gyp rebuild
149 error You can get information on how to open an issue for this project with:
149 error     npm bugs sync-prompt
149 error Or if that isn't available, you can get their info via:
149 error     npm owner ls sync-prompt
149 error There is likely additional logging output above.
150 verbose exit [ 1, true ]
